<?xml version="1.0" encoding="UTF-8"?>
<!-- Generated by org.testng.reporters.JUnitReportReporter -->
<testsuite skipped="0" hostname="SHRXBA" name="com.lti.testcases.LoginTestCase" tests="1" failures="0" timestamp="30 Sep 2021 10:00:59 GMT" time="4.930" errors="0">
  <testcase name="login" time="4.930" classname="com.lti.testcases.LoginTestCase"/>
</testsuite> <!-- com.lti.testcases.LoginTestCase -->
